This file contains any messages produced by compilers while
running configure, to aid debugging if configure makes a mistake.

It was created by asterisk-dongle-ng configure 0.1, which was
generated by GNU Autoconf 2.71.  Invocation command line was

  $ ./configure --with-asterisk=/usr/src/asterisk-18.26.2

## --------- ##
## Platform. ##
## --------- ##

hostname = pbxgsm
uname -m = x86_64
uname -r = 6.8.0-63-generic
uname -s = Linux
uname -v = #66-Ubuntu SMP PREEMPT_DYNAMIC Fri Jun 13 20:25:30 UTC 2025

/usr/bin/uname -p = x86_64
/bin/uname -X     = unknown

/bin/arch              = x86_64
/usr/bin/arch -k       = unknown
/usr/convex/getsysinfo = unknown
/usr/bin/hostinfo      = unknown
/bin/machine           = unknown
/usr/bin/oslevel       = unknown
/bin/universe          = unknown

PATH: /usr/local/sbin/
PATH: /usr/local/bin/
PATH: /usr/sbin/
PATH: /usr/bin/
PATH: /sbin/
PATH: /bin/
PATH: /usr/games/
PATH: /usr/local/games/
PATH: /snap/bin/


## ----------- ##
## Core tests. ##
## ----------- ##

configure:2393: looking for aux files: config.guess config.sub ltmain.sh
configure:2406:  trying ./
configure:2435:   ./config.guess found
configure:2435:   ./config.sub found
configure:2435:   ./ltmain.sh found
configure:2614: checking for gcc
configure:2635: found /usr/bin/gcc
configure:2646: result: gcc
configure:2999: checking for C compiler version
configure:3008: gcc --version >&5
gcc (Ubuntu 13.3.0-6ubuntu2~24.04) 13.3.0
Copyright (C) 2023 Free Software Foundation, Inc.
This is free software; see the source for copying conditions.  There is NO
warranty; not even for MERCHANTABILITY or FITNESS FOR A PARTICULAR PURPOSE.

configure:3019: $? = 0
configure:3008: gcc -v >&5
Using built-in specs.
COLLECT_GCC=gcc
COLLECT_LTO_WRAPPER=/usr/libexec/gcc/x86_64-linux-gnu/13/lto-wrapper
OFFLOAD_TARGET_NAMES=nvptx-none:amdgcn-amdhsa
OFFLOAD_TARGET_DEFAULT=1
Target: x86_64-linux-gnu
Configured with: ../src/configure -v --with-pkgversion='Ubuntu 13.3.0-6ubuntu2~24.04' --with-bugurl=file:///usr/share/doc/gcc-13/README.Bugs --enable-languages=c,ada,c++,go,d,fortran,objc,obj-c++,m2 --prefix=/usr --with-gcc-major-version-only --program-suffix=-13 --program-prefix=x86_64-linux-gnu- --enable-shared --enable-linker-build-id --libexecdir=/usr/libexec --without-included-gettext --enable-threads=posix --libdir=/usr/lib --enable-nls --enable-bootstrap --enable-clocale=gnu --enable-libstdcxx-debug --enable-libstdcxx-time=yes --with-default-libstdcxx-abi=new --enable-libstdcxx-backtrace --enable-gnu-unique-object --disable-vtable-verify --enable-plugin --enable-default-pie --with-system-zlib --enable-libphobos-checking=release --with-target-system-zlib=auto --enable-objc-gc=auto --enable-multiarch --disable-werror --enable-cet --with-arch-32=i686 --with-abi=m64 --with-multilib-list=m32,m64,mx32 --enable-multilib --with-tune=generic --enable-offload-targets=nvptx-none=/build/gcc-13-fG75Ri/gcc-13-13.3.0/debian/tmp-nvptx/usr,amdgcn-amdhsa=/build/gcc-13-fG75Ri/gcc-13-13.3.0/debian/tmp-gcn/usr --enable-offload-defaulted --without-cuda-driver --enable-checking=release --build=x86_64-linux-gnu --host=x86_64-linux-gnu --target=x86_64-linux-gnu --with-build-config=bootstrap-lto-lean --enable-link-serialization=2
Thread model: posix
Supported LTO compression algorithms: zlib zstd
gcc version 13.3.0 (Ubuntu 13.3.0-6ubuntu2~24.04) 
... rest of stderr output deleted ...
configure:3019: $? = 0
configure:3008: gcc -V >&5
gcc: error: unrecognized command-line option '-V'
gcc: fatal error: no input files
compilation terminated.
configure:3019: $? = 1
configure:3008: gcc -qversion >&5
gcc: error: unrecognized command-line option '-qversion'; did you mean '--version'?
gcc: fatal error: no input files
compilation terminated.
configure:3019: $? = 1
configure:3008: gcc -version >&5
gcc: error: unrecognized command-line option '-version'
gcc: fatal error: no input files
compilation terminated.
configure:3019: $? = 1
configure:3039: checking whether the C compiler works
configure:3061: gcc    conftest.c  >&5
configure:3065: $? = 0
configure:3115: result: yes
configure:3118: checking for C compiler default output file name
configure:3120: result: a.out
configure:3126: checking for suffix of executables
configure:3133: gcc -o conftest    conftest.c  >&5
configure:3137: $? = 0
configure:3160: result: 
configure:3182: checking whether we are cross compiling
configure:3190: gcc -o conftest    conftest.c  >&5
configure:3194: $? = 0
configure:3201: ./conftest
configure:3205: $? = 0
configure:3220: result: no
configure:3225: checking for suffix of object files
configure:3248: gcc -c   conftest.c >&5
configure:3252: $? = 0
configure:3274: result: o
configure:3278: checking whether the compiler supports GNU C
configure:3298: gcc -c   conftest.c >&5
configure:3298: $? = 0
configure:3308: result: yes
configure:3319: checking whether gcc accepts -g
configure:3340: gcc -c -g  conftest.c >&5
configure:3340: $? = 0
configure:3384: result: yes
configure:3404: checking for gcc option to enable C11 features
configure:3419: gcc  -c -g -O2  conftest.c >&5
configure:3419: $? = 0
configure:3437: result: none needed
configure:3581: checking build system type
configure:3596: result: x86_64-pc-linux-gnu
configure:3616: checking host system type
configure:3630: result: x86_64-pc-linux-gnu
configure:3671: checking how to print strings
configure:3698: result: printf
configure:3719: checking for a sed that does not truncate output
configure:3789: result: /usr/bin/sed
configure:3807: checking for grep that handles long lines and -e
configure:3871: result: /usr/bin/grep
configure:3876: checking for egrep
configure:3944: result: /usr/bin/grep -E
configure:3949: checking for fgrep
configure:4017: result: /usr/bin/grep -F
configure:4053: checking for ld used by gcc
configure:4121: result: /usr/bin/ld
configure:4128: checking if the linker (/usr/bin/ld) is GNU ld
configure:4144: result: yes
configure:4156: checking for BSD- or MS-compatible name lister (nm)
configure:4211: result: /usr/bin/nm -B
configure:4351: checking the name lister (/usr/bin/nm -B) interface
configure:4359: gcc -c -g -O2  conftest.c >&5
configure:4362: /usr/bin/nm -B "conftest.o"
configure:4365: output
0000000000000000 B some_variable
configure:4372: result: BSD nm
configure:4375: checking whether ln -s works
configure:4379: result: yes
configure:4387: checking the maximum length of command line arguments
configure:4519: result: 1572864
configure:4567: checking how to convert x86_64-pc-linux-gnu file names to x86_64-pc-linux-gnu format
configure:4608: result: func_convert_file_noop
configure:4615: checking how to convert x86_64-pc-linux-gnu file names to toolchain format
configure:4636: result: func_convert_file_noop
configure:4643: checking for /usr/bin/ld option to reload object files
configure:4651: result: -r
configure:4730: checking for file
configure:4751: found /usr/bin/file
configure:4762: result: file
configure:4838: checking for objdump
configure:4859: found /usr/bin/objdump
configure:4870: result: objdump
configure:4902: checking how to recognize dependent libraries
configure:5103: result: pass_all
configure:5193: checking for dlltool
configure:5228: result: no
configure:5258: checking how to associate runtime and link libraries
configure:5286: result: printf %s\n
configure:5352: checking for ar
configure:5373: found /usr/bin/ar
configure:5384: result: ar
configure:5437: checking for archiver @FILE support
configure:5455: gcc -c -g -O2  conftest.c >&5
configure:5455: $? = 0
configure:5459: ar cr libconftest.a @conftest.lst >&5
configure:5462: $? = 0
configure:5467: ar cr libconftest.a @conftest.lst >&5
ar: conftest.o: No such file or directory
configure:5470: $? = 1
configure:5482: result: @
configure:5545: checking for strip
configure:5566: found /usr/bin/strip
configure:5577: result: strip
configure:5654: checking for ranlib
configure:5675: found /usr/bin/ranlib
configure:5686: result: ranlib
configure:5763: checking for gawk
configure:5784: found /usr/bin/gawk
configure:5795: result: gawk
configure:5835: checking command to parse /usr/bin/nm -B output from gcc object
configure:5989: gcc -c -g -O2  conftest.c >&5
configure:5992: $? = 0
configure:5996: /usr/bin/nm -B conftest.o | /usr/bin/sed -n -e 's/^.*[	 ]\([ABCDGIRSTW][ABCDGIRSTW]*\)[	 ][	 ]*\([_A-Za-z][_A-Za-z0-9]*\)$/\1 \2 \2/p' | /usr/bin/sed '/ __gnu_lto/d' > conftest.nm
configure:6062: gcc -o conftest -g -O2   conftest.c conftstm.o >&5
configure:6065: $? = 0
configure:6103: result: ok
configure:6150: checking for sysroot
configure:6181: result: no
configure:6188: checking for a working dd
configure:6232: result: /usr/bin/dd
configure:6236: checking how to truncate binary pipes
configure:6252: result: /usr/bin/dd bs=4096 count=1
configure:6389: gcc -c -g -O2  conftest.c >&5
configure:6392: $? = 0
configure:6589: checking for mt
configure:6610: found /usr/bin/mt
configure:6621: result: mt
configure:6644: checking if mt is a manifest tool
configure:6651: mt '-?'
configure:6659: result: no
configure:7384: checking for stdio.h
configure:7384: gcc -c -g -O2  conftest.c >&5
configure:7384: $? = 0
configure:7384: result: yes
configure:7384: checking for stdlib.h
configure:7384: gcc -c -g -O2  conftest.c >&5
configure:7384: $? = 0
configure:7384: result: yes
configure:7384: checking for string.h
configure:7384: gcc -c -g -O2  conftest.c >&5
configure:7384: $? = 0
configure:7384: result: yes
configure:7384: checking for inttypes.h
configure:7384: gcc -c -g -O2  conftest.c >&5
configure:7384: $? = 0
configure:7384: result: yes
configure:7384: checking for stdint.h
configure:7384: gcc -c -g -O2  conftest.c >&5
configure:7384: $? = 0
configure:7384: result: yes
configure:7384: checking for strings.h
configure:7384: gcc -c -g -O2  conftest.c >&5
configure:7384: $? = 0
configure:7384: result: yes
configure:7384: checking for sys/stat.h
configure:7384: gcc -c -g -O2  conftest.c >&5
configure:7384: $? = 0
configure:7384: result: yes
configure:7384: checking for sys/types.h
configure:7384: gcc -c -g -O2  conftest.c >&5
configure:7384: $? = 0
configure:7384: result: yes
configure:7384: checking for unistd.h
configure:7384: gcc -c -g -O2  conftest.c >&5
configure:7384: $? = 0
configure:7384: result: yes
configure:7409: checking for dlfcn.h
configure:7409: gcc -c -g -O2  conftest.c >&5
configure:7409: $? = 0
configure:7409: result: yes
configure:7668: checking for objdir
configure:7684: result: .libs
configure:7948: checking if gcc supports -fno-rtti -fno-exceptions
configure:7967: gcc -c -g -O2  -fno-rtti -fno-exceptions conftest.c >&5
cc1: warning: command-line option '-fno-rtti' is valid for C++/D/ObjC++ but not for C
configure:7971: $? = 0
configure:7984: result: no
configure:8348: checking for gcc option to produce PIC
configure:8356: result: -fPIC -DPIC
configure:8364: checking if gcc PIC flag -fPIC -DPIC works
configure:8383: gcc -c -g -O2  -fPIC -DPIC -DPIC conftest.c >&5
configure:8387: $? = 0
configure:8400: result: yes
configure:8429: checking if gcc static flag -static works
configure:8458: result: yes
configure:8473: checking if gcc supports -c -o file.o
configure:8495: gcc -c -g -O2  -o out/conftest2.o conftest.c >&5
configure:8499: $? = 0
configure:8521: result: yes
configure:8529: checking if gcc supports -c -o file.o
configure:8577: result: yes
configure:8610: checking whether the gcc linker (/usr/bin/ld -m elf_x86_64) supports shared libraries
configure:9884: result: yes
configure:9921: checking whether -lc should be explicitly linked in
configure:9930: gcc -c -g -O2  conftest.c >&5
configure:9933: $? = 0
configure:9948: gcc -shared  -fPIC -DPIC conftest.o  -v -Wl,-soname -Wl,conftest -o conftest 2\>\&1 \| /usr/bin/grep  -lc  \>/dev/null 2\>\&1
configure:9951: $? = 0
configure:9965: result: no
configure:10125: checking dynamic linker characteristics
configure:10707: gcc -o conftest -g -O2   -Wl,-rpath -Wl,/foo conftest.c  >&5
configure:10707: $? = 0
configure:10958: result: GNU/Linux ld.so
configure:11080: checking how to hardcode library paths into programs
configure:11105: result: immediate
configure:11657: checking whether stripping libraries is possible
configure:11666: result: yes
configure:11708: checking if libtool supports shared libraries
configure:11710: result: yes
configure:11713: checking whether to build shared libraries
configure:11738: result: yes
configure:11741: checking whether to build static libraries
configure:11745: result: yes
configure:11790: checking how to run the C preprocessor
configure:11816: gcc -E  conftest.c
configure:11816: $? = 0
configure:11831: gcc -E  conftest.c
conftest.c:21:10: fatal error: ac_nonexistent.h: No such file or directory
   21 | #include <ac_nonexistent.h>
      |          ^~~~~~~~~~~~~~~~~~
compilation terminated.
configure:11831: $? = 1
configure: failed program was:
| /* confdefs.h */
| #define PACKAGE_NAME "asterisk-dongle-ng"
| #define PACKAGE_TARNAME "asterisk-dongle-ng"
| #define PACKAGE_VERSION "0.1"
| #define PACKAGE_STRING "asterisk-dongle-ng 0.1"
| #define PACKAGE_BUGREPORT "moataz.sarapil@gmail.com"
| #define PACKAGE_URL ""
| #define HAVE_STDIO_H 1
| #define HAVE_STDLIB_H 1
| #define HAVE_STRING_H 1
| #define HAVE_INTTYPES_H 1
| #define HAVE_STDINT_H 1
| #define HAVE_STRINGS_H 1
| #define HAVE_SYS_STAT_H 1
| #define HAVE_SYS_TYPES_H 1
| #define HAVE_UNISTD_H 1
| #define STDC_HEADERS 1
| #define HAVE_DLFCN_H 1
| #define LT_OBJDIR ".libs/"
| /* end confdefs.h.  */
| #include <ac_nonexistent.h>
configure:11858: result: gcc -E
configure:11872: gcc -E  conftest.c
configure:11872: $? = 0
configure:11887: gcc -E  conftest.c
conftest.c:21:10: fatal error: ac_nonexistent.h: No such file or directory
   21 | #include <ac_nonexistent.h>
      |          ^~~~~~~~~~~~~~~~~~
compilation terminated.
configure:11887: $? = 1
configure: failed program was:
| /* confdefs.h */
| #define PACKAGE_NAME "asterisk-dongle-ng"
| #define PACKAGE_TARNAME "asterisk-dongle-ng"
| #define PACKAGE_VERSION "0.1"
| #define PACKAGE_STRING "asterisk-dongle-ng 0.1"
| #define PACKAGE_BUGREPORT "moataz.sarapil@gmail.com"
| #define PACKAGE_URL ""
| #define HAVE_STDIO_H 1
| #define HAVE_STDLIB_H 1
| #define HAVE_STRING_H 1
| #define HAVE_INTTYPES_H 1
| #define HAVE_STDINT_H 1
| #define HAVE_STRINGS_H 1
| #define HAVE_SYS_STAT_H 1
| #define HAVE_SYS_TYPES_H 1
| #define HAVE_UNISTD_H 1
| #define STDC_HEADERS 1
| #define HAVE_DLFCN_H 1
| #define LT_OBJDIR ".libs/"
| /* end confdefs.h.  */
| #include <ac_nonexistent.h>
configure:11919: checking for Asterisk development headers
configure:12024: checking for asterisk.h
configure:12046: gcc -E  -I/usr/src/asterisk-18.26.2/include conftest.c
In file included from conftest.c:29:
/usr/src/asterisk-18.26.2/include/asterisk.h:235:2: error: #error "Externally compiled modules must declare AST_MODULE_SELF_SYM."
  235 | #error "Externally compiled modules must declare AST_MODULE_SELF_SYM."
      |  ^~~~~
configure:12046: $? = 1
configure: failed program was:
| /* confdefs.h */
| #define PACKAGE_NAME "asterisk-dongle-ng"
| #define PACKAGE_TARNAME "asterisk-dongle-ng"
| #define PACKAGE_VERSION "0.1"
| #define PACKAGE_STRING "asterisk-dongle-ng 0.1"
| #define PACKAGE_BUGREPORT "moataz.sarapil@gmail.com"
| #define PACKAGE_URL ""
| #define HAVE_STDIO_H 1
| #define HAVE_STDLIB_H 1
| #define HAVE_STRING_H 1
| #define HAVE_INTTYPES_H 1
| #define HAVE_STDINT_H 1
| #define HAVE_STRINGS_H 1
| #define HAVE_SYS_STAT_H 1
| #define HAVE_SYS_TYPES_H 1
| #define HAVE_UNISTD_H 1
| #define STDC_HEADERS 1
| #define HAVE_DLFCN_H 1
| #define LT_OBJDIR ".libs/"
| /* end confdefs.h.  */
| 
| /* Defeat the name collision between our package and Asterisk's */
| #undef PACKAGE_BUGREPORT
| #undef PACKAGE_NAME
| #undef PACKAGE_STRING
| #undef PACKAGE_TARNAME
| #undef PACKAGE_URL
| #undef PACKAGE_VERSION
| #include "asterisk.h"
| 
| int
| main (void)
| {
| 
|   ;
|   return 0;
| }
configure:12052: result: no
configure:12054: error: 
***
*** Asterisk development headers not found.
***
*** Please install the Asterisk development package.
*** You may also need to use --with-asterisk=DIR to specify
*** the location of your Asterisk source.
***

## ---------------- ##
## Cache variables. ##
## ---------------- ##

ac_cv_build=x86_64-pc-linux-gnu
ac_cv_c_compiler_gnu=yes
ac_cv_env_CC_set=
ac_cv_env_CC_value=
ac_cv_env_CFLAGS_set=
ac_cv_env_CFLAGS_value=
ac_cv_env_CPPFLAGS_set=
ac_cv_env_CPPFLAGS_value=
ac_cv_env_CPP_set=
ac_cv_env_CPP_value=
ac_cv_env_LDFLAGS_set=
ac_cv_env_LDFLAGS_value=
ac_cv_env_LIBS_set=
ac_cv_env_LIBS_value=
ac_cv_env_LT_SYS_LIBRARY_PATH_set=
ac_cv_env_LT_SYS_LIBRARY_PATH_value=
ac_cv_env_build_alias_set=
ac_cv_env_build_alias_value=
ac_cv_env_host_alias_set=
ac_cv_env_host_alias_value=
ac_cv_env_target_alias_set=
ac_cv_env_target_alias_value=
ac_cv_header_dlfcn_h=yes
ac_cv_header_inttypes_h=yes
ac_cv_header_stdint_h=yes
ac_cv_header_stdio_h=yes
ac_cv_header_stdlib_h=yes
ac_cv_header_string_h=yes
ac_cv_header_strings_h=yes
ac_cv_header_sys_stat_h=yes
ac_cv_header_sys_types_h=yes
ac_cv_header_unistd_h=yes
ac_cv_host=x86_64-pc-linux-gnu
ac_cv_objext=o
ac_cv_path_EGREP='/usr/bin/grep -E'
ac_cv_path_FGREP='/usr/bin/grep -F'
ac_cv_path_GREP=/usr/bin/grep
ac_cv_path_SED=/usr/bin/sed
ac_cv_path_lt_DD=/usr/bin/dd
ac_cv_prog_AWK=gawk
ac_cv_prog_CPP='gcc -E'
ac_cv_prog_ac_ct_AR=ar
ac_cv_prog_ac_ct_CC=gcc
ac_cv_prog_ac_ct_FILECMD=file
ac_cv_prog_ac_ct_MANIFEST_TOOL=mt
ac_cv_prog_ac_ct_OBJDUMP=objdump
ac_cv_prog_ac_ct_RANLIB=ranlib
ac_cv_prog_ac_ct_STRIP=strip
ac_cv_prog_cc_c11=
ac_cv_prog_cc_g=yes
ac_cv_prog_cc_stdc=
lt_cv_ar_at_file=@
lt_cv_archive_cmds_need_lc=no
lt_cv_deplibs_check_method=pass_all
lt_cv_file_magic_cmd='$MAGIC_CMD'
lt_cv_file_magic_test_file=
lt_cv_ld_reload_flag=-r
lt_cv_nm_interface='BSD nm'
lt_cv_objdir=.libs
lt_cv_path_LD=/usr/bin/ld
lt_cv_path_NM='/usr/bin/nm -B'
lt_cv_path_mainfest_tool=no
lt_cv_prog_compiler_c_o=yes
lt_cv_prog_compiler_pic='-fPIC -DPIC'
lt_cv_prog_compiler_pic_works=yes
lt_cv_prog_compiler_rtti_exceptions=no
lt_cv_prog_compiler_static_works=yes
lt_cv_prog_gnu_ld=yes
lt_cv_sharedlib_from_linklib_cmd='printf %s\n'
lt_cv_shlibpath_overrides_runpath=yes
lt_cv_sys_global_symbol_pipe='/usr/bin/sed -n -e '\''s/^.*[	 ]\([ABCDGIRSTW][ABCDGIRSTW]*\)[	 ][	 ]*\([_A-Za-z][_A-Za-z0-9]*\)$/\1 \2 \2/p'\'' | /usr/bin/sed '\''/ __gnu_lto/d'\'''
lt_cv_sys_global_symbol_to_c_name_address='/usr/bin/sed -n -e '\''s/^: \(.*\) .*$/  {"\1", (void *) 0},/p'\'' -e '\''s/^[ABCDGIRSTW][ABCDGIRSTW]* .* \(.*\)$/  {"\1", (void *) \&\1},/p'\'''
lt_cv_sys_global_symbol_to_c_name_address_lib_prefix='/usr/bin/sed -n -e '\''s/^: \(.*\) .*$/  {"\1", (void *) 0},/p'\'' -e '\''s/^[ABCDGIRSTW][ABCDGIRSTW]* .* \(lib.*\)$/  {"\1", (void *) \&\1},/p'\'' -e '\''s/^[ABCDGIRSTW][ABCDGIRSTW]* .* \(.*\)$/  {"lib\1", (void *) \&\1},/p'\'''
lt_cv_sys_global_symbol_to_cdecl='/usr/bin/sed -n -e '\''s/^T .* \(.*\)$/extern int \1();/p'\'' -e '\''s/^[ABCDGIRSTW][ABCDGIRSTW]* .* \(.*\)$/extern char \1;/p'\'''
lt_cv_sys_global_symbol_to_import=
lt_cv_sys_max_cmd_len=1572864
lt_cv_to_host_file_cmd=func_convert_file_noop
lt_cv_to_tool_file_cmd=func_convert_file_noop
lt_cv_truncate_bin='/usr/bin/dd bs=4096 count=1'

## ----------------- ##
## Output variables. ##
## ----------------- ##

AR='ar'
ASTERISK_INCLUDE=''
ASTERISK_LIBS=''
AST_MODULE_DIR=''
AWK='gawk'
CC='gcc'
CFLAGS='-g -O2'
CPP='gcc -E'
CPPFLAGS=' -I/usr/src/asterisk-18.26.2/include'
DEFS=''
DLLTOOL='false'
DSYMUTIL=''
DUMPBIN=''
ECHO_C=''
ECHO_N='-n'
ECHO_T=''
EGREP='/usr/bin/grep -E'
EXEEXT=''
FGREP='/usr/bin/grep -F'
FILECMD='file'
GREP='/usr/bin/grep'
LD='/usr/bin/ld -m elf_x86_64'
LDFLAGS=''
LIBOBJS=''
LIBS=''
LIBTOOL='$(SHELL) $(top_builddir)/libtool'
LIPO=''
LN_S='ln -s'
LTLIBOBJS=''
LT_SYS_LIBRARY_PATH=''
MANIFEST_TOOL=':'
NM='/usr/bin/nm -B'
NMEDIT=''
OBJDUMP='objdump'
OBJEXT='o'
OTOOL64=''
OTOOL=''
PACKAGE_BUGREPORT='moataz.sarapil@gmail.com'
PACKAGE_NAME='asterisk-dongle-ng'
PACKAGE_STRING='asterisk-dongle-ng 0.1'
PACKAGE_TARNAME='asterisk-dongle-ng'
PACKAGE_URL=''
PACKAGE_VERSION='0.1'
PATH_SEPARATOR=':'
PKG_CONFIG=''
RANLIB='ranlib'
SED='/usr/bin/sed'
SHELL='/bin/bash'
STRIP='strip'
ac_ct_AR='ar'
ac_ct_CC='gcc'
ac_ct_DUMPBIN=''
bindir='${exec_prefix}/bin'
build='x86_64-pc-linux-gnu'
build_alias=''
build_cpu='x86_64'
build_os='linux-gnu'
build_vendor='pc'
datadir='${datarootdir}'
datarootdir='${prefix}/share'
docdir='${datarootdir}/doc/${PACKAGE_TARNAME}'
dvidir='${docdir}'
exec_prefix='NONE'
host='x86_64-pc-linux-gnu'
host_alias=''
host_cpu='x86_64'
host_os='linux-gnu'
host_vendor='pc'
htmldir='${docdir}'
includedir='${prefix}/include'
infodir='${datarootdir}/info'
libdir='${exec_prefix}/lib'
libexecdir='${exec_prefix}/libexec'
localedir='${datarootdir}/locale'
localstatedir='${prefix}/var'
mandir='${datarootdir}/man'
oldincludedir='/usr/include'
pdfdir='${docdir}'
prefix='NONE'
program_transform_name='s,x,x,'
psdir='${docdir}'
runstatedir='${localstatedir}/run'
sbindir='${exec_prefix}/sbin'
sharedstatedir='${prefix}/com'
sysconfdir='${prefix}/etc'
target_alias=''

## ----------- ##
## confdefs.h. ##
## ----------- ##

/* confdefs.h */
#define PACKAGE_NAME "asterisk-dongle-ng"
#define PACKAGE_TARNAME "asterisk-dongle-ng"
#define PACKAGE_VERSION "0.1"
#define PACKAGE_STRING "asterisk-dongle-ng 0.1"
#define PACKAGE_BUGREPORT "moataz.sarapil@gmail.com"
#define PACKAGE_URL ""
#define HAVE_STDIO_H 1
#define HAVE_STDLIB_H 1
#define HAVE_STRING_H 1
#define HAVE_INTTYPES_H 1
#define HAVE_STDINT_H 1
#define HAVE_STRINGS_H 1
#define HAVE_SYS_STAT_H 1
#define HAVE_SYS_TYPES_H 1
#define HAVE_UNISTD_H 1
#define STDC_HEADERS 1
#define HAVE_DLFCN_H 1
#define LT_OBJDIR ".libs/"

configure: exit 1
